<?xml version="1.0" encoding="UTF-8"?>
<!-- Generated by org.testng.reporters.JUnitXMLReporter -->
<testsuite ignored="0" hostname="DESKTOP-NVK67B2" failures="0" tests="6" name="Default test" time="208.015" errors="0" timestamp="2023-11-29T16:57:43 IST">
  <testcase classname="com.ExchangeDemo.LoginTest.LoginTest" name="login" time="14.005"/>
  <testcase classname="com.ExchangeDemo.LoginTest.LoginTest" name="login" time="19.583"/>
  <testcase classname="com.ExchangeDemo.LoginTest.LoginTest" name="login" time="19.608"/>
  <testcase classname="com.ExchangeDemo.LoginTest.LoginTest" name="login" time="19.506"/>
  <testcase classname="com.ExchangeDemo.LoginTest.LoginTest" name="login" time="19.526"/>
  <testcase classname="com.ExchangeDemo.LoginTest.LoginTest" name="login" time="19.435"/>
</testsuite> <!-- Default test -->
