<?xml version="1.0" encoding="UTF-8"?>
<testng-results ignored="0" total="2" passed="2" failed="0" skipped="0">
  <reporter-output>
    <line>
      <![CDATA[<font color='green'>Browser got launched</font>]]>
    </line>
    <line>
      <![CDATA[<font color='green'>Navigated to Application UR</font>]]>
    </line>
    <line>
      <![CDATA[Email is entered]]>
    </line>
    <line>
      <![CDATA[Password is Entered]]>
    </line>
    <line>
      <![CDATA[Clicked on Continue Button]]>
    </line>
    <line>
      <![CDATA[<font color='green'>Browser got closed</font>]]>
    </line>
  </reporter-output>
  <suite started-at="2024-01-02T12:24:07 IST" name="Default suite" finished-at="2024-01-02T12:25:06 IST" duration-ms="58414">
    <groups>
    </groups>
    <test started-at="2024-01-02T12:24:07 IST" name="Default test" finished-at="2024-01-02T12:25:06 IST" duration-ms="58414">
      <class name="com.ExchangeDemo.InGameTest.InGamesTest">
        <test-method is-config="true" signature="setup()[pri:0, instance:com.ExchangeDemo.InGameTest.InGamesTest@2af004b]" started-at="2024-01-02T12:24:07 IST" name="setup" finished-at="2024-01-02T12:24:08 IST" duration-ms="595" status="PASS">
          <reporter-output>
          </reporter-output>
        </test-method> <!-- setup -->
        <test-method is-config="true" signature="openApplication()[pri:0, instance:com.ExchangeDemo.InGameTest.InGamesTest@2af004b]" started-at="2024-01-02T12:24:08 IST" name="openApplication" finished-at="2024-01-02T12:24:41 IST" duration-ms="33359" status="PASS">
          <reporter-output>
            <line>
              <![CDATA[<font color='green'>Browser got launched</font>]]>
            </line>
            <line>
              <![CDATA[<font color='green'>Navigated to Application UR</font>]]>
            </line>
          </reporter-output>
        </test-method> <!-- openApplication -->
        <test-method signature="login()[pri:1, instance:com.ExchangeDemo.InGameTest.InGamesTest@2af004b]" started-at="2024-01-02T12:24:41 IST" name="login" finished-at="2024-01-02T12:24:56 IST" duration-ms="14859" status="PASS">
          <reporter-output>
            <line>
              <![CDATA[Email is entered]]>
            </line>
            <line>
              <![CDATA[Password is Entered]]>
            </line>
            <line>
              <![CDATA[Clicked on Continue Button]]>
            </line>
          </reporter-output>
        </test-method> <!-- login -->
        <test-method signature="MyAccount()[pri:2, instance:com.ExchangeDemo.InGameTest.InGamesTest@2af004b]" started-at="2024-01-02T12:24:56 IST" name="MyAccount" finished-at="2024-01-02T12:25:05 IST" duration-ms="8623" status="PASS">
          <reporter-output>
          </reporter-output>
        </test-method> <!-- MyAccount -->
        <test-method is-config="true" signature="closure()[pri:0, instance:com.ExchangeDemo.InGameTest.InGamesTest@2af004b]" started-at="2024-01-02T12:25:05 IST" name="closure" finished-at="2024-01-02T12:25:05 IST" duration-ms="313" status="PASS">
          <reporter-output>
            <line>
              <![CDATA[<font color='green'>Browser got closed</font>]]>
            </line>
          </reporter-output>
        </test-method> <!-- closure -->
        <test-method is-config="true" signature="reportTeardown()[pri:0, instance:com.ExchangeDemo.InGameTest.InGamesTest@2af004b]" started-at="2024-01-02T12:25:05 IST" name="reportTeardown" finished-at="2024-01-02T12:25:06 IST" duration-ms="568" status="PASS">
          <reporter-output>
          </reporter-output>
        </test-method> <!-- reportTeardown -->
      </class> <!-- com.ExchangeDemo.InGameTest.InGamesTest -->
    </test> <!-- Default test -->
  </suite> <!-- Default suite -->
</testng-results>
