<?xml version="1.0" encoding="UTF-8"?>
<testng-results ignored="0" total="6" passed="6" failed="0" skipped="0">
  <reporter-output>
    <line>
      <![CDATA[<font color='dark green'>User got successfully logged in using Username: 8660327769 and Password: 123456</font>]]>
    </line>
    <line>
      <![CDATA[<font color='dark green'>User got failed to log in using Username: 8660327769 and Password: 11</font>]]>
    </line>
    <line>
      <![CDATA[<font color='dark green'>User got failed to log in using Username: 8660327763 and Password: 123456</font>]]>
    </line>
    <line>
      <![CDATA[<font color='dark green'>User got failed to log in using Username: 8660327769 and Password: </font>]]>
    </line>
    <line>
      <![CDATA[<font color='dark green'>User got failed to log in using Username:   and Password: 12346</font>]]>
    </line>
    <line>
      <![CDATA[<font color='dark green'>User got failed to log in using Username:   and Password: </font>]]>
    </line>
  </reporter-output>
  <suite started-at="2023-11-29T16:54:15 IST" name="Default suite" finished-at="2023-11-29T16:57:43 IST" duration-ms="208015">
    <groups>
    </groups>
    <test started-at="2023-11-29T16:54:15 IST" name="Default test" finished-at="2023-11-29T16:57:43 IST" duration-ms="208015">
      <class name="com.ExchangeDemo.LoginTest.LoginTest">
        <test-method is-config="true" signature="openApplication()[pri:0, instance:com.ExchangeDemo.LoginTest.LoginTest@26d9b808]" started-at="2023-11-29T16:54:15 IST" name="openApplication" finished-at="2023-11-29T16:54:35 IST" duration-ms="19808" status="PASS">
          <reporter-output>
          </reporter-output>
        </test-method> <!-- openApplication -->
        <test-method signature="login(java.lang.String,java.lang.String,java.lang.String)[pri:0, instance:com.ExchangeDemo.LoginTest.LoginTest@26d9b808]" started-at="2023-11-29T16:54:35 IST" name="login" data-provider="LoginTestData" finished-at="2023-11-29T16:54:49 IST" duration-ms="14005" status="PASS">
          <params>
            <param index="0">
              <value>
                <![CDATA[8660327769]]>
              </value>
            </param>
            <param index="1">
              <value>
                <![CDATA[123456]]>
              </value>
            </param>
            <param index="2">
              <value>
                <![CDATA[Success]]>
              </value>
            </param>
          </params>
          <reporter-output>
            <line>
              <![CDATA[<font color='dark green'>User got successfully logged in using Username: 8660327769 and Password: 123456</font>]]>
            </line>
          </reporter-output>
        </test-method> <!-- login -->
        <test-method is-config="true" signature="closure()[pri:0, instance:com.ExchangeDemo.LoginTest.LoginTest@26d9b808]" started-at="2023-11-29T16:54:49 IST" name="closure" finished-at="2023-11-29T16:54:50 IST" duration-ms="358" status="PASS">
          <reporter-output>
          </reporter-output>
        </test-method> <!-- closure -->
        <test-method is-config="true" signature="openApplication()[pri:0, instance:com.ExchangeDemo.LoginTest.LoginTest@26d9b808]" started-at="2023-11-29T16:54:50 IST" name="openApplication" finished-at="2023-11-29T16:55:06 IST" duration-ms="16114" status="PASS">
          <reporter-output>
          </reporter-output>
        </test-method> <!-- openApplication -->
        <test-method signature="login(java.lang.String,java.lang.String,java.lang.String)[pri:0, instance:com.ExchangeDemo.LoginTest.LoginTest@26d9b808]" started-at="2023-11-29T16:55:06 IST" name="login" data-provider="LoginTestData" finished-at="2023-11-29T16:55:25 IST" duration-ms="19583" status="PASS">
          <params>
            <param index="0">
              <value>
                <![CDATA[8660327769]]>
              </value>
            </param>
            <param index="1">
              <value>
                <![CDATA[11]]>
              </value>
            </param>
            <param index="2">
              <value>
                <![CDATA[Failure]]>
              </value>
            </param>
          </params>
          <reporter-output>
            <line>
              <![CDATA[<font color='dark green'>User got failed to log in using Username: 8660327769 and Password: 11</font>]]>
            </line>
          </reporter-output>
        </test-method> <!-- login -->
        <test-method is-config="true" signature="closure()[pri:0, instance:com.ExchangeDemo.LoginTest.LoginTest@26d9b808]" started-at="2023-11-29T16:55:25 IST" name="closure" finished-at="2023-11-29T16:55:26 IST" duration-ms="272" status="PASS">
          <reporter-output>
          </reporter-output>
        </test-method> <!-- closure -->
        <test-method is-config="true" signature="openApplication()[pri:0, instance:com.ExchangeDemo.LoginTest.LoginTest@26d9b808]" started-at="2023-11-29T16:55:26 IST" name="openApplication" finished-at="2023-11-29T16:55:39 IST" duration-ms="13771" status="PASS">
          <reporter-output>
          </reporter-output>
        </test-method> <!-- openApplication -->
        <test-method signature="login(java.lang.String,java.lang.String,java.lang.String)[pri:0, instance:com.ExchangeDemo.LoginTest.LoginTest@26d9b808]" started-at="2023-11-29T16:55:39 IST" name="login" data-provider="LoginTestData" finished-at="2023-11-29T16:55:59 IST" duration-ms="19608" status="PASS">
          <params>
            <param index="0">
              <value>
                <![CDATA[8660327763]]>
              </value>
            </param>
            <param index="1">
              <value>
                <![CDATA[123456]]>
              </value>
            </param>
            <param index="2">
              <value>
                <![CDATA[Failure]]>
              </value>
            </param>
          </params>
          <reporter-output>
            <line>
              <![CDATA[<font color='dark green'>User got failed to log in using Username: 8660327763 and Password: 123456</font>]]>
            </line>
          </reporter-output>
        </test-method> <!-- login -->
        <test-method is-config="true" signature="closure()[pri:0, instance:com.ExchangeDemo.LoginTest.LoginTest@26d9b808]" started-at="2023-11-29T16:55:59 IST" name="closure" finished-at="2023-11-29T16:55:59 IST" duration-ms="327" status="PASS">
          <reporter-output>
          </reporter-output>
        </test-method> <!-- closure -->
        <test-method is-config="true" signature="openApplication()[pri:0, instance:com.ExchangeDemo.LoginTest.LoginTest@26d9b808]" started-at="2023-11-29T16:55:59 IST" name="openApplication" finished-at="2023-11-29T16:56:16 IST" duration-ms="16753" status="PASS">
          <reporter-output>
          </reporter-output>
        </test-method> <!-- openApplication -->
        <test-method signature="login(java.lang.String,java.lang.String,java.lang.String)[pri:0, instance:com.ExchangeDemo.LoginTest.LoginTest@26d9b808]" started-at="2023-11-29T16:56:16 IST" name="login" data-provider="LoginTestData" finished-at="2023-11-29T16:56:36 IST" duration-ms="19506" status="PASS">
          <params>
            <param index="0">
              <value>
                <![CDATA[8660327769]]>
              </value>
            </param>
            <param index="1">
              <value>
                <![CDATA[]]>
              </value>
            </param>
            <param index="2">
              <value>
                <![CDATA[Failure]]>
              </value>
            </param>
          </params>
          <reporter-output>
            <line>
              <![CDATA[<font color='dark green'>User got failed to log in using Username: 8660327769 and Password: </font>]]>
            </line>
          </reporter-output>
        </test-method> <!-- login -->
        <test-method is-config="true" signature="closure()[pri:0, instance:com.ExchangeDemo.LoginTest.LoginTest@26d9b808]" started-at="2023-11-29T16:56:36 IST" name="closure" finished-at="2023-11-29T16:56:36 IST" duration-ms="285" status="PASS">
          <reporter-output>
          </reporter-output>
        </test-method> <!-- closure -->
        <test-method is-config="true" signature="openApplication()[pri:0, instance:com.ExchangeDemo.LoginTest.LoginTest@26d9b808]" started-at="2023-11-29T16:56:36 IST" name="openApplication" finished-at="2023-11-29T16:56:51 IST" duration-ms="14692" status="PASS">
          <reporter-output>
          </reporter-output>
        </test-method> <!-- openApplication -->
        <test-method signature="login(java.lang.String,java.lang.String,java.lang.String)[pri:0, instance:com.ExchangeDemo.LoginTest.LoginTest@26d9b808]" started-at="2023-11-29T16:56:51 IST" name="login" data-provider="LoginTestData" finished-at="2023-11-29T16:57:10 IST" duration-ms="19526" status="PASS">
          <params>
            <param index="0">
              <value>
                <![CDATA[ ]]>
              </value>
            </param>
            <param index="1">
              <value>
                <![CDATA[12346]]>
              </value>
            </param>
            <param index="2">
              <value>
                <![CDATA[Failure]]>
              </value>
            </param>
          </params>
          <reporter-output>
            <line>
              <![CDATA[<font color='dark green'>User got failed to log in using Username:   and Password: 12346</font>]]>
            </line>
          </reporter-output>
        </test-method> <!-- login -->
        <test-method is-config="true" signature="closure()[pri:0, instance:com.ExchangeDemo.LoginTest.LoginTest@26d9b808]" started-at="2023-11-29T16:57:10 IST" name="closure" finished-at="2023-11-29T16:57:10 IST" duration-ms="293" status="PASS">
          <reporter-output>
          </reporter-output>
        </test-method> <!-- closure -->
        <test-method is-config="true" signature="openApplication()[pri:0, instance:com.ExchangeDemo.LoginTest.LoginTest@26d9b808]" started-at="2023-11-29T16:57:10 IST" name="openApplication" finished-at="2023-11-29T16:57:24 IST" duration-ms="13293" status="PASS">
          <reporter-output>
          </reporter-output>
        </test-method> <!-- openApplication -->
        <test-method signature="login(java.lang.String,java.lang.String,java.lang.String)[pri:0, instance:com.ExchangeDemo.LoginTest.LoginTest@26d9b808]" started-at="2023-11-29T16:57:24 IST" name="login" data-provider="LoginTestData" finished-at="2023-11-29T16:57:43 IST" duration-ms="19435" status="PASS">
          <params>
            <param index="0">
              <value>
                <![CDATA[ ]]>
              </value>
            </param>
            <param index="1">
              <value>
                <![CDATA[]]>
              </value>
            </param>
            <param index="2">
              <value>
                <![CDATA[Failure]]>
              </value>
            </param>
          </params>
          <reporter-output>
            <line>
              <![CDATA[<font color='dark green'>User got failed to log in using Username:   and Password: </font>]]>
            </line>
          </reporter-output>
        </test-method> <!-- login -->
        <test-method is-config="true" signature="closure()[pri:0, instance:com.ExchangeDemo.LoginTest.LoginTest@26d9b808]" started-at="2023-11-29T16:57:43 IST" name="closure" finished-at="2023-11-29T16:57:43 IST" duration-ms="246" status="PASS">
          <reporter-output>
          </reporter-output>
        </test-method> <!-- closure -->
      </class> <!-- com.ExchangeDemo.LoginTest.LoginTest -->
    </test> <!-- Default test -->
  </suite> <!-- Default suite -->
</testng-results>
